Wed May  7 14:40:25 2025       
+-----------------------------------------------------------------------------------------+
| NVIDIA-SMI 550.54.14              Driver Version: 550.54.14      CUDA Version: 12.4     |
|-----------------------------------------+------------------------+----------------------+
| GPU  Name                 Persistence-M | Bus-Id          Disp.A | Volatile Uncorr. ECC |
| Fan  Temp   Perf          Pwr:Usage/Cap |           Memory-Usage | GPU-Util  Compute M. |
|                                         |                        |               MIG M. |
|=========================================+========================+======================|
|   0  NVIDIA L40S                    On  |   00000000:0A:00.0 Off |                    0 |
| N/A   29C    P8             33W /  350W |       0MiB /  46068MiB |      0%      Default |
|                                         |                        |                  N/A |
+-----------------------------------------+------------------------+----------------------+
                                                                                         
+-----------------------------------------------------------------------------------------+
| Processes:                                                                              |
|  GPU   GI   CI        PID   Type   Process name                              GPU Memory |
|        ID   ID                                                               Usage      |
|=========================================================================================|
|  No running processes found                                                             |
+-----------------------------------------------------------------------------------------+
GPU is available
Using device: cuda
Total number of queries in the full FEVER test set: 6666
Total number of documents in the full FEVER test set: 5416568
Total number of queries with 15 words: 92
Total number of relevant documents in the subset: 92
Evaluation instance created
─────────────────────────────── Selected tasks  ────────────────────────────────
Retrieval
    - FEVER, s2p


Evaluation results obtained
Model evaluation took: 0 hours, 2 minutes, and 22 seconds.
Total number of queries in the subset: 92
Total number of documents in the subset corpus: 5416568
